#-----------------------------------------------------------
# Vivado v2019.1 (64-bit)
# SW Build 2552052 on Fri May 24 14:49:42 MDT 2019
# IP Build 2548770 on Fri May 24 18:01:18 MDT 2019
# Start of session at: Mon Jul 19 20:05:22 2021
# Process ID: 6496
# Current directory: D:/Vebko/Relay/Relay_V3.0/Rev.02/Main_Card_Zynq7020/Main/Main_Card_ZYNQ7020
# Command line: vivado.exe -gui_launcher_event rodinguilauncherevent12168 D:\Vebko\Relay\Relay_V3.0\Rev.02\Main_Card_Zynq7020\Main\Main_Card_ZYNQ7020\Main_Card_ZYNQ7020.xpr
# Log file: D:/Vebko/Relay/Relay_V3.0/Rev.02/Main_Card_Zynq7020/Main/Main_Card_ZYNQ7020/vivado.log
# Journal file: D:/Vebko/Relay/Relay_V3.0/Rev.02/Main_Card_Zynq7020/Main/Main_Card_ZYNQ7020\vivado.jou
#-----------------------------------------------------------
start_gui
open_project D:/Vebko/Relay/Relay_V3.0/Rev.02/Main_Card_Zynq7020/Main/Main_Card_ZYNQ7020/Main_Card_ZYNQ7020.xpr
Scanning sources...
Finished scanning sources
INFO: [IP_Flow 19-234] Refreshing IP repositories
INFO: [IP_Flow 19-1700] Loaded user IP repository 'd:/Vebko/SoftwareFTP/ZZ-Hardware/80-Vivado/03-IP_repository'.
INFO: [IP_Flow 19-2313] Loaded Vivado IP repository 'D:/Xilinx/Vivado/2019.1/data/ip'.
WARNING: [IP_Flow 19-1663] Duplicate IP found for 'xilinx.com:user:PL_Timer_Interrupt:1.0'. The one found in IP location 'd:/Vebko/SoftwareFTP/ZZ-Hardware/80-Vivado/03-IP_repository/ip_repo/PL_Timer_Interrupt_1.0' will take precedence over the same IP in location d:/Vebko/SoftwareFTP/ZZ-Hardware/80-Vivado/03-IP_repository/PL_Timer_Interrupt_1.0
WARNING: [BD 41-1661] One or more IPs have been locked in the design 'Main_Card.bd'. Please run report_ip_status for more details and recommendations on how to fix this issue.
List of locked IPs:
Main_Card_GPS_Synchronizer_0_1

open_project: Time (s): cpu = 00:00:14 ; elapsed = 00:00:09 . Memory (MB): peak = 860.094 ; gain = 173.363
update_compile_order -fileset sources_1
exit
INFO: [Common 17-206] Exiting Vivado at Mon Jul 19 20:08:43 2021...
