#-----------------------------------------------------------
# Vivado v2019.1 (64-bit)
# SW Build 2552052 on Fri May 24 14:49:42 MDT 2019
# IP Build 2548770 on Fri May 24 18:01:18 MDT 2019
# Start of session at: Sat Jul 24 12:34:35 2021
# Process ID: 16000
# Current directory: D:/Vebko/Relay/Relay_V3.0/Rev.02/Main_Card_Zynq7020/Main/Main_Card_ZYNQ7020
# Command line: vivado.exe -gui_launcher_event rodinguilauncherevent11780 D:\Vebko\Relay\Relay_V3.0\Rev.02\Main_Card_Zynq7020\Main\Main_Card_ZYNQ7020\Main_Card_ZYNQ7020.xpr
# Log file: D:/Vebko/Relay/Relay_V3.0/Rev.02/Main_Card_Zynq7020/Main/Main_Card_ZYNQ7020/vivado.log
# Journal file: D:/Vebko/Relay/Relay_V3.0/Rev.02/Main_Card_Zynq7020/Main/Main_Card_ZYNQ7020\vivado.jou
#-----------------------------------------------------------
start_gui
open_project D:/Vebko/Relay/Relay_V3.0/Rev.02/Main_Card_Zynq7020/Main/Main_Card_ZYNQ7020/Main_Card_ZYNQ7020.xpr
Scanning sources...
Finished scanning sources
INFO: [IP_Flow 19-234] Refreshing IP repositories
INFO: [IP_Flow 19-1700] Loaded user IP repository 'd:/Vebko/SoftwareFTP/ZZ-Hardware/80-Vivado/03-IP_repository'.
INFO: [IP_Flow 19-2313] Loaded Vivado IP repository 'D:/Xilinx/Vivado/2019.1/data/ip'.
WARNING: [IP_Flow 19-1663] Duplicate IP found for 'xilinx.com:user:PL_Timer_Interrupt:1.0'. The one found in IP location 'd:/Vebko/SoftwareFTP/ZZ-Hardware/80-Vivado/03-IP_repository/ip_repo/PL_Timer_Interrupt_1.0' will take precedence over the same IP in location d:/Vebko/SoftwareFTP/ZZ-Hardware/80-Vivado/03-IP_repository/PL_Timer_Interrupt_1.0
WARNING: [BD 41-1661] One or more IPs have been locked in the design 'Main_Card.bd'. Please run report_ip_status for more details and recommendations on how to fix this issue.
List of locked IPs:
Main_Card_GPS_Synchronizer_0_1

open_project: Time (s): cpu = 00:00:18 ; elapsed = 00:00:13 . Memory (MB): peak = 850.660 ; gain = 197.707
launch_sdk -workspace D:/Vebko/Relay/Relay_V3.0/Rev.02/Main_Card_Zynq7020/Main/Main_Card_ZYNQ7020/Main_Card_ZYNQ7020.sdk -hwspec D:/Vebko/Relay/Relay_V3.0/Rev.02/Main_Card_Zynq7020/Main/Main_Card_ZYNQ7020/Main_Card_ZYNQ7020.sdk/Main_Card_wrapper.hdf
INFO: [Vivado 12-393] Launching SDK...
INFO: [Vivado 12-417] Running xsdk -workspace D:/Vebko/Relay/Relay_V3.0/Rev.02/Main_Card_Zynq7020/Main/Main_Card_ZYNQ7020/Main_Card_ZYNQ7020.sdk -hwspec D:/Vebko/Relay/Relay_V3.0/Rev.02/Main_Card_Zynq7020/Main/Main_Card_ZYNQ7020/Main_Card_ZYNQ7020.sdk/Main_Card_wrapper.hdf
INFO: [Vivado 12-3157] SDK launch initiated. Please check console for any further messages.
update_compile_order -fileset sources_1
open_bd_design {D:/Vebko/Relay/Relay_V3.0/Rev.02/Main_Card_Zynq7020/Main/Main_Card_ZYNQ7020/Main_Card_ZYNQ7020.srcs/sources_1/bd/Main_Card/Main_Card.bd}
Adding component instance block -- xilinx.com:ip:processing_system7:5.5 - processing_system7_0
Adding component instance block -- xilinx.com:ip:canfd:2.0 - canfd_0
Adding component instance block -- xilinx.com:ip:canfd:2.0 - canfd_1
Adding component instance block -- xilinx.com:ip:clk_wiz:6.0 - clk_wiz_1
Adding component instance block -- xilinx.com:ip:xlconcat:2.1 - xlconcat_0
Adding component instance block -- xilinx.com:ip:axi_interconnect:2.1 - ps7_0_axi_periph
Adding component instance block -- xilinx.com:ip:axi_crossbar:2.1 - xbar
Adding component instance block -- xilinx.com:ip:axi_protocol_converter:2.1 - auto_pc
Adding component instance block -- xilinx.com:ip:proc_sys_reset:5.0 - rst_ps7_0_100M
Adding component instance block -- xilinx.com:user:GPS_Synchronizer:1.0 - GPS_Synchronizer_0
Adding component instance block -- xilinx.com:user:RTC_Synchronizer:1.0 - RTC_Synchronizer_0
Successfully read diagram <Main_Card> from BD file <D:/Vebko/Relay/Relay_V3.0/Rev.02/Main_Card_Zynq7020/Main/Main_Card_ZYNQ7020/Main_Card_ZYNQ7020.srcs/sources_1/bd/Main_Card/Main_Card.bd>
open_bd_design: Time (s): cpu = 00:00:08 ; elapsed = 00:00:09 . Memory (MB): peak = 1052.723 ; gain = 0.000
WARNING: [IP_Flow 19-474] Invalid Parameter 'Component_Name'
WARNING: [IP_Flow 19-474] Invalid Parameter 'Component_Name'
exit
INFO: [Common 17-206] Exiting Vivado at Sat Jul 24 13:33:32 2021...
