#-----------------------------------------------------------
# Webtalk v2019.1 (64-bit)
# SW Build 2552052 on Fri May 24 14:49:42 MDT 2019
# 
# Start of session at: Wed Aug  4 20:27:25 2021
# Process ID: 17968
# Current directory: D:/Vebko/Relay/Relay_V3.0/Rev.02/Main_Card_Zynq7020/Main/Main_Card_ZYNQ7020/Main_Card_ZYNQ7020.sdk/webtalk
# Command line: wbtcv.exe -mode batch -source sdk_webtalk.tcl
# Log file: D:/Vebko/Relay/Relay_V3.0/Rev.02/Main_Card_Zynq7020/Main/Main_Card_ZYNQ7020/Main_Card_ZYNQ7020.sdk/webtalk/webtalk.log
# Journal file: D:/Vebko/Relay/Relay_V3.0/Rev.02/Main_Card_Zynq7020/Main/Main_Card_ZYNQ7020/Main_Card_ZYNQ7020.sdk/webtalk\webtalk.jou
#-----------------------------------------------------------
source sdk_webtalk.tcl
# webtalk_init -webtalk_dir D:\\Vebko\\Relay\\Relay_V3.0\\Rev.02\\Main_Card_Zynq7020\\Main\\Main_Card_ZYNQ7020\\Main_Card_ZYNQ7020.sdk\\webtalk
# webtalk_register_client -client project
# webtalk_add_data -client project -key date_generated -value "2021-08-04 20:27:23" -context "software_version_and_target_device"
# webtalk_add_data -client project -key product_version -value "SDK v2019.1" -context "software_version_and_target_device"
# webtalk_add_data -client project -key build_version -value "2019.1" -context "software_version_and_target_device"
# webtalk_add_data -client project -key os_platform -value "amd64" -context "software_version_and_target_device"
# webtalk_add_data -client project -key registration_id -value "" -context "software_version_and_target_device"
# webtalk_add_data -client project -key tool_flow -value "SDK" -context "software_version_and_target_device"
# webtalk_add_data -client project -key beta -value "false" -context "software_version_and_target_device"
# webtalk_add_data -client project -key route_design -value "NA" -context "software_version_and_target_device"
# webtalk_add_data -client project -key target_family -value "NA" -context "software_version_and_target_device"
# webtalk_add_data -client project -key target_device -value "NA" -context "software_version_and_target_device"
# webtalk_add_data -client project -key target_package -value "NA" -context "software_version_and_target_device"
# webtalk_add_data -client project -key target_speed -value "NA" -context "software_version_and_target_device"
# webtalk_add_data -client project -key random_id -value "jkoq3v4ctuqjip6vv4psqjlinc" -context "software_version_and_target_device"
# webtalk_add_data -client project -key project_id -value "2019.1_84" -context "software_version_and_target_device"
# webtalk_add_data -client project -key project_iteration -value "84" -context "software_version_and_target_device"
# webtalk_add_data -client project -key os_name -value "Microsoft Windows 8 or later , 64-bit" -context "user_environment"
# webtalk_add_data -client project -key os_release -value "major release  (build 9200)" -context "user_environment"
# webtalk_add_data -client project -key cpu_name -value "Intel(R) Core(TM) i7-9750H CPU @ 2.60GHz" -context "user_environment"
# webtalk_add_data -client project -key cpu_speed -value "2592 MHz" -context "user_environment"
# webtalk_add_data -client project -key total_processors -value "1" -context "user_environment"
# webtalk_add_data -client project -key system_ram -value "34.227 GB" -context "user_environment"
# webtalk_register_client -client sdk
# webtalk_add_data -client sdk -key uid -value "1628092342738" -context "sdk\\\\bsp/1628092342738"
# webtalk_add_data -client sdk -key hwid -value "1624166301878" -context "sdk\\\\bsp/1628092342738"
# webtalk_add_data -client sdk -key os -value "ucos" -context "sdk\\\\bsp/1628092342738"
# webtalk_add_data -client sdk -key apptemplate -value "helloworld_osiii" -context "sdk\\\\bsp/1628092342738"
# webtalk_add_data -client sdk -key RecordType -value "BSPCreation" -context "sdk\\\\bsp/1628092342738"
# webtalk_add_data -client sdk -key uid -value "1628092345432" -context "sdk\\\\application/1628092345432"
# webtalk_add_data -client sdk -key hwid -value "1624166301878" -context "sdk\\\\application/1628092345432"
# webtalk_add_data -client sdk -key bspid -value "1628092342738" -context "sdk\\\\application/1628092345432"
# webtalk_add_data -client sdk -key newbsp -value "true" -context "sdk\\\\application/1628092345432"
# webtalk_add_data -client sdk -key os -value "ucos" -context "sdk\\\\application/1628092345432"
# webtalk_add_data -client sdk -key apptemplate -value "helloworld_osiii" -context "sdk\\\\application/1628092345432"
# webtalk_add_data -client sdk -key RecordType -value "APPCreation" -context "sdk\\\\application/1628092345432"
# webtalk_add_data -client sdk -key LangUsed -value "C" -context "sdk\\\\application/1628092345432"
# webtalk_add_data -client sdk -key Procused -value "ps7_cortexa9" -context "sdk\\\\application/1628092345432"
# webtalk_add_data -client sdk -key uid -value "NA" -context "sdk\\\\bsp/1628092643722"
# webtalk_add_data -client sdk -key RecordType -value "ToolUsage" -context "sdk\\\\bsp/1628092643722"
# webtalk_add_data -client sdk -key BootgenCount -value "0" -context "sdk\\\\bsp/1628092643722"
# webtalk_add_data -client sdk -key DebugCount -value "0" -context "sdk\\\\bsp/1628092643722"
# webtalk_add_data -client sdk -key PerfCount -value "0" -context "sdk\\\\bsp/1628092643722"
# webtalk_add_data -client sdk -key FlashCount -value "0" -context "sdk\\\\bsp/1628092643722"
# webtalk_add_data -client sdk -key CrossTriggCount -value "0" -context "sdk\\\\bsp/1628092643722"
# webtalk_add_data -client sdk -key QemuDebugCount -value "0" -context "sdk\\\\bsp/1628092643722"
# webtalk_transmit -clientid 191576042 -regid "" -xml D:\\Vebko\\Relay\\Relay_V3.0\\Rev.02\\Main_Card_Zynq7020\\Main\\Main_Card_ZYNQ7020\\Main_Card_ZYNQ7020.sdk\\webtalk\\usage_statistics_ext_sdk.xml -html D:\\Vebko\\Relay\\Relay_V3.0\\Rev.02\\Main_Card_Zynq7020\\Main\\Main_Card_ZYNQ7020\\Main_Card_ZYNQ7020.sdk\\webtalk\\usage_statistics_ext_sdk.html -wdm D:\\Vebko\\Relay\\Relay_V3.0\\Rev.02\\Main_Card_Zynq7020\\Main\\Main_Card_ZYNQ7020\\Main_Card_ZYNQ7020.sdk\\webtalk\\sdk_webtalk.wdm -intro "<H3>SDK Usage Report</H3><BR>"
INFO: [Common 17-186] 'D:\Vebko\Relay\Relay_V3.0\Rev.02\Main_Card_Zynq7020\Main\Main_Card_ZYNQ7020\Main_Card_ZYNQ7020.sdk\webtalk\usage_statistics_ext_sdk.xml' has been successfully sent to Xilinx on Wed Aug  4 20:27:30 2021. For additional details about this file, please refer to the WebTalk help file at D:/Xilinx/SDK/2019.1/doc/webtalk_introduction.html.
# webtalk_terminate
INFO: [Common 17-206] Exiting Webtalk at Wed Aug  4 20:27:30 2021...
