#-----------------------------------------------------------
# Webtalk v2019.1 (64-bit)
# SW Build 2552052 on Fri May 24 14:49:42 MDT 2019
# 
# Start of session at: Sat Aug 14 10:09:31 2021
# Process ID: 18644
# Current directory: D:/Vebko/Relay/Relay_V3.0/Rev.02/Main_Card_Zynq7020/Main/Main_Card_ZYNQ7020/Main_Card_ZYNQ7020.sdk/webtalk
# Command line: wbtcv.exe -mode batch -source sdk_webtalk.tcl
# Log file: D:/Vebko/Relay/Relay_V3.0/Rev.02/Main_Card_Zynq7020/Main/Main_Card_ZYNQ7020/Main_Card_ZYNQ7020.sdk/webtalk/webtalk.log
# Journal file: D:/Vebko/Relay/Relay_V3.0/Rev.02/Main_Card_Zynq7020/Main/Main_Card_ZYNQ7020/Main_Card_ZYNQ7020.sdk/webtalk\webtalk.jou
#-----------------------------------------------------------
source sdk_webtalk.tcl
# webtalk_init -webtalk_dir D:\\Vebko\\Relay\\Relay_V3.0\\Rev.02\\Main_Card_Zynq7020\\Main\\Main_Card_ZYNQ7020\\Main_Card_ZYNQ7020.sdk\\webtalk
# webtalk_register_client -client project
# webtalk_add_data -client project -key date_generated -value "2021-08-14 10:09:29" -context "software_version_and_target_device"
# webtalk_add_data -client project -key product_version -value "SDK v2019.1" -context "software_version_and_target_device"
# webtalk_add_data -client project -key build_version -value "2019.1" -context "software_version_and_target_device"
# webtalk_add_data -client project -key os_platform -value "amd64" -context "software_version_and_target_device"
# webtalk_add_data -client project -key registration_id -value "" -context "software_version_and_target_device"
# webtalk_add_data -client project -key tool_flow -value "SDK" -context "software_version_and_target_device"
# webtalk_add_data -client project -key beta -value "false" -context "software_version_and_target_device"
# webtalk_add_data -client project -key route_design -value "NA" -context "software_version_and_target_device"
# webtalk_add_data -client project -key target_family -value "NA" -context "software_version_and_target_device"
# webtalk_add_data -client project -key target_device -value "NA" -context "software_version_and_target_device"
# webtalk_add_data -client project -key target_package -value "NA" -context "software_version_and_target_device"
# webtalk_add_data -client project -key target_speed -value "NA" -context "software_version_and_target_device"
# webtalk_add_data -client project -key random_id -value "67th9kfhufkl7p9a1n2mbpos39" -context "software_version_and_target_device"
# webtalk_add_data -client project -key project_id -value "2019.1_89" -context "software_version_and_target_device"
# webtalk_add_data -client project -key project_iteration -value "89" -context "software_version_and_target_device"
# webtalk_add_data -client project -key os_name -value "Microsoft Windows 8 or later , 64-bit" -context "user_environment"
# webtalk_add_data -client project -key os_release -value "major release  (build 9200)" -context "user_environment"
# webtalk_add_data -client project -key cpu_name -value "Intel(R) Core(TM) i7-9750H CPU @ 2.60GHz" -context "user_environment"
# webtalk_add_data -client project -key cpu_speed -value "2592 MHz" -context "user_environment"
# webtalk_add_data -client project -key total_processors -value "1" -context "user_environment"
# webtalk_add_data -client project -key system_ram -value "34.227 GB" -context "user_environment"
# webtalk_register_client -client sdk
# webtalk_add_data -client sdk -key uid -value "1628753226646" -context "sdk\\\\bsp/1628753226646"
# webtalk_add_data -client sdk -key hwid -value "1624166301878" -context "sdk\\\\bsp/1628753226646"
# webtalk_add_data -client sdk -key os -value "ucos" -context "sdk\\\\bsp/1628753226646"
# webtalk_add_data -client sdk -key apptemplate -value "net_dns-c" -context "sdk\\\\bsp/1628753226646"
# webtalk_add_data -client sdk -key RecordType -value "BSPCreation" -context "sdk\\\\bsp/1628753226646"
# webtalk_add_data -client sdk -key uid -value "1628753229892" -context "sdk\\\\application/1628753229892"
# webtalk_add_data -client sdk -key hwid -value "1624166301878" -context "sdk\\\\application/1628753229892"
# webtalk_add_data -client sdk -key bspid -value "1628753226646" -context "sdk\\\\application/1628753229892"
# webtalk_add_data -client sdk -key newbsp -value "true" -context "sdk\\\\application/1628753229892"
# webtalk_add_data -client sdk -key os -value "ucos" -context "sdk\\\\application/1628753229892"
# webtalk_add_data -client sdk -key apptemplate -value "net_dns-c" -context "sdk\\\\application/1628753229892"
# webtalk_add_data -client sdk -key RecordType -value "APPCreation" -context "sdk\\\\application/1628753229892"
# webtalk_add_data -client sdk -key LangUsed -value "C" -context "sdk\\\\application/1628753229892"
# webtalk_add_data -client sdk -key Procused -value "ps7_cortexa9" -context "sdk\\\\application/1628753229892"
# webtalk_add_data -client sdk -key projSize -value "2650.48828125" -context "sdk\\\\application/1628753229892"
# webtalk_add_data -client sdk -key uid -value "NA" -context "sdk\\\\bsp/1628919569049"
# webtalk_add_data -client sdk -key RecordType -value "ToolUsage" -context "sdk\\\\bsp/1628919569049"
# webtalk_add_data -client sdk -key BootgenCount -value "0" -context "sdk\\\\bsp/1628919569049"
# webtalk_add_data -client sdk -key DebugCount -value "46" -context "sdk\\\\bsp/1628919569049"
# webtalk_add_data -client sdk -key PerfCount -value "0" -context "sdk\\\\bsp/1628919569049"
# webtalk_add_data -client sdk -key FlashCount -value "0" -context "sdk\\\\bsp/1628919569049"
# webtalk_add_data -client sdk -key CrossTriggCount -value "0" -context "sdk\\\\bsp/1628919569049"
# webtalk_add_data -client sdk -key QemuDebugCount -value "0" -context "sdk\\\\bsp/1628919569049"
# webtalk_transmit -clientid 3282142323 -regid "" -xml D:\\Vebko\\Relay\\Relay_V3.0\\Rev.02\\Main_Card_Zynq7020\\Main\\Main_Card_ZYNQ7020\\Main_Card_ZYNQ7020.sdk\\webtalk\\usage_statistics_ext_sdk.xml -html D:\\Vebko\\Relay\\Relay_V3.0\\Rev.02\\Main_Card_Zynq7020\\Main\\Main_Card_ZYNQ7020\\Main_Card_ZYNQ7020.sdk\\webtalk\\usage_statistics_ext_sdk.html -wdm D:\\Vebko\\Relay\\Relay_V3.0\\Rev.02\\Main_Card_Zynq7020\\Main\\Main_Card_ZYNQ7020\\Main_Card_ZYNQ7020.sdk\\webtalk\\sdk_webtalk.wdm -intro "<H3>SDK Usage Report</H3><BR>"
webtalk_transmit: Time (s): cpu = 00:00:00 ; elapsed = 00:00:08 . Memory (MB): peak = 66.676 ; gain = 0.000
# webtalk_terminate
INFO: [Common 17-206] Exiting Webtalk at Sat Aug 14 10:09:38 2021...
