TRACE   - Generating ucos.
INFO    - ucos_clk automatic selection.
INFO    - ucos_clk not required.
INFO    - ucos_shell automatic selection.
INFO    - ucos_shell not required.
INFO    - ucos_crc automatic selection.
INFO    - ucos_crc not required.
INFO    - ucos_osiii set to enabled.
INFO    - ucos_openamp set to enabled.
INFO    - Setting up build for ps7_cortexa9.
TRACE   - Generating Makefile_def.inc.
INFO    - ucos_get_product_source_base: Source base for cpu found at E:/Working/Micrium/Zynq/ucos_v1_50/micrium_source/uC-CPU/cpu_core.c.
INFO    - ucos_get_product_source_base: Source base for lib found at E:/Working/Micrium/Zynq/ucos_v1_50/micrium_source/uC-LIB/lib_mem.c.
INFO    - ucos_get_product_source_base: Source base for common found at E:/Working/Micrium/Zynq/ucos_v1_50/micrium_source/uC-Common/KAL/kal.h.
INFO    - ucos_get_product_source_base: Source base for clk found at E:/Working/Micrium/Zynq/ucos_v1_50/micrium_source/uC-Clk/Source/clk.c.
INFO    - ucos_get_product_source_base: Source base for crc found at E:/Working/Micrium/Zynq/ucos_v1_50/micrium_source/uC-CRC/Source/crc_util.c.
INFO    - ucos_get_product_source_base: Source base for shell found at E:/Working/Micrium/Zynq/ucos_v1_50/micrium_source/uC-Shell/Source/shell.c.
INFO    - ucos_get_product_source_base: Source base for osii found at E:/Working/Micrium/Zynq/ucos_v1_50/micrium_source/uCOS-II/Source/os_core.c.
INFO    - ucos_get_product_source_base: Source base for osiii found at E:/Working/Micrium/Zynq/ucos_v1_50/micrium_source/uCOS-III/Source/os_core.c.
INFO    - ucos_get_product_source_base: Source base for tcpip found at E:/Working/Micrium/Zynq/ucos_v1_50/micrium_source/uC-TCPIP/Source/net.c.
INFO    - ucos_get_product_source_base: Source base for tcpip-exp not found.
INFO    - ucos_get_product_source_base: Source base for fs found at E:/Working/Micrium/Zynq/ucos_v1_50/micrium_source/uC-FS/Source/fs.c.
INFO    - ucos_get_product_source_base: Source base for usbd found at E:/Working/Micrium/Zynq/ucos_v1_50/micrium_source/uC-USB-Device/Source/usbd_core.c.
INFO    - ucos_get_product_source_base: Source base for usbh found at E:/Working/Micrium/Zynq/ucos_v1_50/micrium_source/uC-USB-Host/Source/usbh_core.c.
INFO    - ucos_get_product_source_base: Source base for dhcpc found at E:/Working/Micrium/Zynq/ucos_v1_50/micrium_source/uC-DHCPc/Source/dhcp-c.c.
INFO    - ucos_get_product_source_base: Source base for dnsc found at E:/Working/Micrium/Zynq/ucos_v1_50/micrium_source/uC-DNSc/Source/dns-c.c.
INFO    - ucos_get_product_source_base: Source base for ftps found at E:/Working/Micrium/Zynq/ucos_v1_50/micrium_source/uC-FTPs/Source/ftp-s.c.
INFO    - ucos_get_product_source_base: Source base for httpc found at E:/Working/Micrium/Zynq/ucos_v1_50/micrium_source/uC-HTTP/Client/Source/http-c.c.
INFO    - ucos_get_product_source_base: Source base for https found at E:/Working/Micrium/Zynq/ucos_v1_50/micrium_source/uC-HTTP/Server/Source/http-s.c.
INFO    - ucos_get_product_source_base: Source base for mqttc found at E:/Working/Micrium/Zynq/ucos_v1_50/micrium_source/uC-MQTT/Client/Source/mqtt-c.c.
INFO    - ucos_get_product_source_base: Source base for iperf found at E:/Working/Micrium/Zynq/ucos_v1_50/micrium_source/uC-IPerf/Source/iperf.c.
INFO    - ucos_get_product_source_base: Source base for telnets found at E:/Working/Micrium/Zynq/ucos_v1_50/micrium_source/uC-TELNETs/Source/telnet-s.c.
INFO    - ucos_get_product_source_base: Source base for can not found.
INFO    - ucos_get_product_source_base: Source base for openamp not found.
INFO    - ucos_handle_stdin: Configuring UCOS STDIN peripheral ps7_uart_1.
INFO    - ucos_handle_stdin: Found device id 1 for peripheral ps7_uart_1.
INFO    - ucos_handle_stdin: UCOS STDIN source set to UCOS_UART_PS7_UART.
INFO    - handle_stdout: Configuring UCOS STDOUT peripheral ps7_uart_1.
INFO    - ucos_handle_stdout: Found device id 1 for peripheral ps7_uart_1.
INFO    - ucos_handle_stdout: UCOS STDOUT source set to UCOS_UART_PS7_UART.
INFO    - ucos_handle_ethernet: No ETHERNET interface specified.
TRACE   - ucos_handle_ethernet: Ethernet PHY bus mode set to : UCOS_NET_PHY_BUS_MODE_MII.
TRACE   - ucos_handle_ethernet: Ethernet PHY type set to : UCOS_NET_PHY_TYPE_INT.
TRACE   - Generating ucos_common.
TRACE   - ucos_heap_estimate: Computing heap estimate.
TRACE   - ucos_heap_estimate: Base heap estimate: 512.
TRACE   - ucos_heap_estimate: OpenAMP base heap estimate: 4096.
INFO    - ucos_heap_estimate: OpenAMP estimated heap usage: 4096.
INFO    - ucos_heap_estimate: Computed heap size 4608.
TRACE   - ps7_cortexa9 found, enabling CPU_CFG_CACHE_MGMT_EN in cpu_cfg.h.
TRACE   - Generating ucos_osiii.
TRACE   - Generating ucos_emacps.
TRACE   - ucos_get_intr_src: Finding interrupt source for peripheral ps7_ethernet_0.
INFO    - ucos_get_intr_src: Interrupt source for peripheral ps7_ethernet_0 : 54.
TRACE   - Generating ucos_sdps.
TRACE   - ucos_get_intr_src: Finding interrupt source for peripheral ps7_sd_0.
INFO    - ucos_get_intr_src: Interrupt source for peripheral ps7_sd_0 : 56.
TRACE   - ucos_get_intr_src: Finding interrupt source for peripheral ps7_sd_1.
INFO    - ucos_get_intr_src: Interrupt source for peripheral ps7_sd_1 : 79.
TRACE   - Generating ucos_uartps.
TRACE   - ucos_get_intr_src: Finding interrupt source for peripheral ps7_uart_0.
INFO    - ucos_get_intr_src: Interrupt source for peripheral ps7_uart_0 : 59.
TRACE   - ucos_get_intr_src: Finding interrupt source for peripheral ps7_uart_1.
INFO    - ucos_get_intr_src: Interrupt source for peripheral ps7_uart_1 : 82.
TRACE   - Generating ucos_usbps.
TRACE   - ucos_get_intr_src: Finding interrupt source for peripheral ps7_usb_0.
INFO    - ucos_get_intr_src: Interrupt source for peripheral ps7_usb_0 : 53.
